1 1 501
1 1 501
2 1 501
2 1 501
3 1 501
3 1 501
4 1 501
4 1 501
5 1 419 501
5 1 501
6 1 501
6 1 501
7 1 501
7 1 501
8 1 501
8 1 501
9 1 501
9 1 501
10 1 435 501
10 1 501
11 1 343 501
11 1 501
12 1 501
12 1 501
13 1 268 501
13 1 501
14 1 501
14 1 501
15 1 501
15 1 501
16 1 501
16 1 501
17 1 501
17 1 501
18 1 501
18 1 501
19 1 501
19 1 501
20 1 501
20 1 196 501
1 1 501
1 1 501
2 1 501
2 1 501
3 1 501
3 1 501
4 1 501
4 1 501
5 1 501
5 1 501
6 1 501
6 1 501
7 1 501
7 1 501
8 1 501
8 1 501
9 1 501
9 1 159 501
10 1 501
10 1 501
11 1 501
11 1 501
12 1 71 501
12 1 501
13 1 126 400 501
13 1 501
14 1 501
14 1 501
15 1 501
15 1 501
16 1 501
16 1 501
17 1 501
17 1 501
18 1 501
18 1 501
19 1 501
19 1 501
20 1 501
20 1 501
1 1 501
1 1 501
2 1 501
2 1 501
3 1 501
3 1 501
4 1 501
4 1 501
5 1 501
5 1 501
6 1 501
6 1 395 501
7 1 501
7 1 501
8 1 501
8 1 501
9 1 501
9 1 317 501
10 1 501
10 1 501
11 1 501
11 1 501
12 1 501
12 1 501
13 1 501
13 1 501
14 1 501
14 1 501
15 1 501
15 1 501
16 1 501
16 1 501
17 1 501
17 1 501
18 1 501
18 1 501
19 1 227 501
19 1 501
20 1 501
20 1 501
1 1 501
1 1 325 501
2 1 501
2 1 501
3 1 501
3 1 501
4 1 501
4 1 501
5 1 501
5 1 501
6 1 501
6 1 501
7 1 501
7 1 501
8 1 501
8 1 501
9 1 501
9 1 501
10 1 501
10 1 501
11 1 501
11 1 501
12 1 501
12 1 501
13 1 501
13 1 501
14 1 501
14 1 501
15 1 501
15 1 501
16 1 501
16 1 290 501
17 1 501
17 1 501
18 1 55 501
18 1 141 501
19 1 501
19 1 501
20 1 501
20 1 501
1 1 501
1 1 501
2 1 501
2 1 501
3 1 501
3 1 501
4 1 501
4 1 501
5 1 501
5 1 501
6 1 501
6 1 501
7 1 381 501
7 1 501
8 1 501
8 1 75 369 501
9 1 501
9 1 501
10 1 501
10 1 501
11 1 501
11 1 501
12 1 501
12 1 501
13 1 501
13 1 501
14 1 501
14 1 501
15 1 501
15 1 501
16 1 78 501
16 1 476 501
17 1 501
17 1 501
18 1 501
18 1 501
19 1 501
19 1 501
20 1 501
20 1 501
1 1 501
1 1 501
2 1 501
2 1 501
3 1 501
3 1 501
4 1 501
4 1 501
5 1 501
5 1 501
6 1 501
6 1 501
7 1 501
7 1 501
8 1 144 501
8 1 501
9 1 501
9 1 501
10 1 501
10 1 501
11 1 501
11 1 341 501
12 1 326 501
12 1 501
13 1 501
13 1 501
14 1 501
14 1 501
15 1 354 501
15 1 501
16 1 501
16 1 501
17 1 501
17 1 501
18 1 501
18 1 233 501
19 1 501
19 1 240 501
20 1 501
20 1 501
1 1 501
1 1 501
2 1 501
2 1 501
3 1 501
3 1 501
4 1 501
4 1 501
5 1 501
5 1 501
6 1 327 501
6 1 501
7 1 501
7 1 501
8 1 501
8 1 501
9 1 501
9 1 501
10 1 501
10 1 501
11 1 501
11 1 501
12 1 501
12 1 501
13 1 501
13 1 63 501
14 1 501
14 1 501
15 1 501
15 1 501
1 1 501
1 1 501
2 1 501
2 1 501
3 1 501
3 1 501
4 1 501
4 1 501
5 1 501
5 1 501
6 1 501
6 1 501
7 1 501
7 1 501
8 1 501
8 1 501
9 1 501
9 1 501
10 1 501
10 1 501
11 1 501
11 1 501
12 1 501
12 1 501
13 1 83 501
13 1 501
14 1 501
14 1 501
15 1 501
15 1 501
